<?xml version="1.0" encoding="UTF-8"?><testsuite failures="1" name="cucumber.runtime.formatter.JUnitFormatter" skipped="0" tests="1" time="79.236417">
<testcase classname="PolicyCenter Quote Summary Page" name="Verify the quote summary page" time="79.236417">
<failure message="org.openqa.selenium.WebDriverException: unknown error: Element &lt;div id=&quot;SubmissionWizard:LOBWizardStepGroup:LineWizardStepSet:PMDriversScreen:PMDriversPanelSet:DriversListDetailPanel:DriverDetailsCV:PolicyContactDetailsDV:PolicyContactRoleNameInputSet:Gender-trigger-picker&quot; class=&quot;x-form-trigger x-form-trigger-default x-form-arrow-trigger x-form-arrow-trigger-default  &quot;&gt;&lt;/div&gt; is not clickable at point (598, 484). Other element would receive the click: &lt;div role=&quot;presentation&quot; class=&quot;x-mask x-border-box x-mask-fixed&quot; id=&quot;ext-element-308&quot;&gt;...&lt;/div&gt;&#10;  (Session info: chrome=87.0.4280.88)&#10;  (Driver info: chromedriver=2.44.609538 (b655c5a60b0b544917107a59d4153d4bf78e1b90),platform=Windows NT 10.0.17134 x86_64) (WARNING: The server did not provide any stacktrace information)&#10;Command duration or timeout: 0 milliseconds&#10;Build info: version: '3.5.3', revision: 'a88d25fe6b', time: '2017-08-29T12:42:44.417Z'&#10;System info: host: 'ITB08130', ip: '10.100.48.13', os.name: 'Windows 10', os.arch: 'amd64', os.version: '10.0', java.version: '1.8.0_191'&#10;Driver info: org.openqa.selenium.chrome.ChromeDriver&#10;Capabilities [{mobileEmulationEnabled=false, hasTouchScreen=false, platform=XP, acceptSslCerts=false, goog:chromeOptions={debuggerAddress=localhost:64481}, acceptInsecureCerts=false, webStorageEnabled=true, browserName=chrome, takesScreenshot=true, javascriptEnabled=true, platformName=XP, setWindowRect=true, unexpectedAlertBehaviour=ignore, applicationCacheEnabled=false, rotatable=false, networkConnectionEnabled=false, chrome={chromedriverVersion=2.44.609538 (b655c5a60b0b544917107a59d4153d4bf78e1b90), userDataDir=C:\Users\ANDERS~1.AIO\AppData\Local\Temp\scoped_dir18724_63}, takesHeapSnapshot=true, unhandledPromptBehavior=ignore, pageLoadStrategy=normal, databaseEnabled=false, handlesAlerts=true, version=87.0.4280.88, browserConnectionEnabled=false, nativeEvents=true, locationContextEnabled=true, cssSelectorsEnabled=true}]&#10;Session ID: 6156719f230b8e35ff58716ee8b0ba52&#13;&#10;&#9;at sun.reflect.NativeConstructorAccessorImpl.newInstance0(Native Method)&#13;&#10;&#9;at sun.reflect.NativeConstructorAccessorImpl.newInstance(Unknown Source)&#13;&#10;&#9;at sun.reflect.DelegatingConstructorAccessorImpl.newInstance(Unknown Source)&#13;&#10;&#9;at java.lang.reflect.Constructor.newInstance(Unknown Source)&#13;&#10;&#9;at org.openqa.selenium.remote.ErrorHandler.createThrowable(ErrorHandler.java:215)&#13;&#10;&#9;at org.openqa.selenium.remote.ErrorHandler.throwIfResponseFailed(ErrorHandler.java:167)&#13;&#10;&#9;at org.openqa.selenium.remote.http.JsonHttpResponseCodec.reconstructValue(JsonHttpResponseCodec.java:40)&#13;&#10;&#9;at org.openqa.selenium.remote.http.AbstractHttpResponseCodec.decode(AbstractHttpResponseCodec.java:82)&#13;&#10;&#9;at org.openqa.selenium.remote.http.AbstractHttpResponseCodec.decode(AbstractHttpResponseCodec.java:45)&#13;&#10;&#9;at org.openqa.selenium.remote.HttpCommandExecutor.execute(HttpCommandExecutor.java:164)&#13;&#10;&#9;at org.openqa.selenium.remote.service.DriverCommandExecutor.execute(DriverCommandExecutor.java:82)&#13;&#10;&#9;at org.openqa.selenium.remote.RemoteWebDriver.execute(RemoteWebDriver.java:646)&#13;&#10;&#9;at org.openqa.selenium.remote.RemoteWebElement.execute(RemoteWebElement.java:275)&#13;&#10;&#9;at org.openqa.selenium.remote.RemoteWebElement.click(RemoteWebElement.java:82)&#13;&#10;&#9;at sun.reflect.GeneratedMethodAccessor6.invoke(Unknown Source)&#13;&#10;&#9;at sun.reflect.DelegatingMethodAccessorImpl.invoke(Unknown Source)&#13;&#10;&#9;at java.lang.reflect.Method.invoke(Unknown Source)&#13;&#10;&#9;at org.openqa.selenium.support.pagefactory.internal.LocatingElementHandler.invoke(LocatingElementHandler.java:51)&#13;&#10;&#9;at com.sun.proxy.$Proxy16.click(Unknown Source)&#13;&#10;&#9;at com.policy.pages.DriversPage.SelectGenderType(DriversPage.java:174)&#13;&#10;&#9;at stepDefinition.QuoteSummaryStepDefinition.they_set_the_primary_phone_to_Mobile(QuoteSummaryStepDefinition.java:163)&#13;&#10;&#9;at ✽.And they set the primary phone to Mobile(C:/Users/Anderson.Egwurugwu/eclipse-workspace/PolicySit/src/main/java/Features/QuoteSummary.feature:13)&#13;&#10;"><![CDATA[Given i am on the policy centre login page..................................passed
When they enter the user "su" and "gw"......................................passed
And they click on the login button..........................................passed
And they click on Actions...................................................passed
And they complete all fields................................................passed
And they click on the search button.........................................passed
And they click on person....................................................passed
And they set the primary phone to Mobile....................................failed
And they enter the mobile phone number......................................skipped
And they click on the Update button.........................................skipped
And they click on New Submission............................................skipped
And they select a personal motor product....................................skipped
And they complete all required fields.......................................skipped
And they click on the quote button..........................................skipped
Then the quote summary page should be displayed.............................skipped

StackTrace:
org.openqa.selenium.WebDriverException: unknown error: Element <div id="SubmissionWizard:LOBWizardStepGroup:LineWizardStepSet:PMDriversScreen:PMDriversPanelSet:DriversListDetailPanel:DriverDetailsCV:PolicyContactDetailsDV:PolicyContactRoleNameInputSet:Gender-trigger-picker" class="x-form-trigger x-form-trigger-default x-form-arrow-trigger x-form-arrow-trigger-default  "></div> is not clickable at point (598, 484). Other element would receive the click: <div role="presentation" class="x-mask x-border-box x-mask-fixed" id="ext-element-308">...</div>
  (Session info: chrome=87.0.4280.88)
  (Driver info: chromedriver=2.44.609538 (b655c5a60b0b544917107a59d4153d4bf78e1b90),platform=Windows NT 10.0.17134 x86_64) (WARNING: The server did not provide any stacktrace information)
Command duration or timeout: 0 milliseconds
Build info: version: '3.5.3', revision: 'a88d25fe6b', time: '2017-08-29T12:42:44.417Z'
System info: host: 'ITB08130', ip: '10.100.48.13', os.name: 'Windows 10', os.arch: 'amd64', os.version: '10.0', java.version: '1.8.0_191'
Driver info: org.openqa.selenium.chrome.ChromeDriver
Capabilities [{mobileEmulationEnabled=false, hasTouchScreen=false, platform=XP, acceptSslCerts=false, goog:chromeOptions={debuggerAddress=localhost:64481}, acceptInsecureCerts=false, webStorageEnabled=true, browserName=chrome, takesScreenshot=true, javascriptEnabled=true, platformName=XP, setWindowRect=true, unexpectedAlertBehaviour=ignore, applicationCacheEnabled=false, rotatable=false, networkConnectionEnabled=false, chrome={chromedriverVersion=2.44.609538 (b655c5a60b0b544917107a59d4153d4bf78e1b90), userDataDir=C:\Users\ANDERS~1.AIO\AppData\Local\Temp\scoped_dir18724_63}, takesHeapSnapshot=true, unhandledPromptBehavior=ignore, pageLoadStrategy=normal, databaseEnabled=false, handlesAlerts=true, version=87.0.4280.88, browserConnectionEnabled=false, nativeEvents=true, locationContextEnabled=true, cssSelectorsEnabled=true}]
Session ID: 6156719f230b8e35ff58716ee8b0ba52
	at sun.reflect.NativeConstructorAccessorImpl.newInstance0(Native Method)
	at sun.reflect.NativeConstructorAccessorImpl.newInstance(Unknown Source)
	at sun.reflect.DelegatingConstructorAccessorImpl.newInstance(Unknown Source)
	at java.lang.reflect.Constructor.newInstance(Unknown Source)
	at org.openqa.selenium.remote.ErrorHandler.createThrowable(ErrorHandler.java:215)
	at org.openqa.selenium.remote.ErrorHandler.throwIfResponseFailed(ErrorHandler.java:167)
	at org.openqa.selenium.remote.http.JsonHttpResponseCodec.reconstructValue(JsonHttpResponseCodec.java:40)
	at org.openqa.selenium.remote.http.AbstractHttpResponseCodec.decode(AbstractHttpResponseCodec.java:82)
	at org.openqa.selenium.remote.http.AbstractHttpResponseCodec.decode(AbstractHttpResponseCodec.java:45)
	at org.openqa.selenium.remote.HttpCommandExecutor.execute(HttpCommandExecutor.java:164)
	at org.openqa.selenium.remote.service.DriverCommandExecutor.execute(DriverCommandExecutor.java:82)
	at org.openqa.selenium.remote.RemoteWebDriver.execute(RemoteWebDriver.java:646)
	at org.openqa.selenium.remote.RemoteWebElement.execute(RemoteWebElement.java:275)
	at org.openqa.selenium.remote.RemoteWebElement.click(RemoteWebElement.java:82)
	at sun.reflect.GeneratedMethodAccessor6.invoke(Unknown Source)
	at sun.reflect.DelegatingMethodAccessorImpl.invoke(Unknown Source)
	at java.lang.reflect.Method.invoke(Unknown Source)
	at org.openqa.selenium.support.pagefactory.internal.LocatingElementHandler.invoke(LocatingElementHandler.java:51)
	at com.sun.proxy.$Proxy16.click(Unknown Source)
	at com.policy.pages.DriversPage.SelectGenderType(DriversPage.java:174)
	at stepDefinition.QuoteSummaryStepDefinition.they_set_the_primary_phone_to_Mobile(QuoteSummaryStepDefinition.java:163)
	at ✽.And they set the primary phone to Mobile(C:/Users/Anderson.Egwurugwu/eclipse-workspace/PolicySit/src/main/java/Features/QuoteSummary.feature:13)
]]></failure>
</testcase>
</testsuite>
